<?xml version="1.0" encoding="UTF-8"?>
<!-- Generated by org.testng.reporters.JUnitReportReporter -->
<testsuite hostname="DESKTOP-G9H7E6Q" failures="0" tests="2" name="dataprovider.DataProviderPacakage" time="17.349" errors="0" timestamp="2022-11-01T08:34:29 GMT-04:00" skipped="0">
  <testcase classname="dataprovider.DataProviderPacakage" name="getlogin" time="9.624"/>
  <system-out/>
  <testcase classname="dataprovider.DataProviderPacakage" name="getlogin" time="7.725"/>
  <system-out/>
</testsuite> <!-- dataprovider.DataProviderPacakage -->
