<?xml version="1.0" encoding="UTF-8"?>
<!-- Generated by org.testng.reporters.JUnitReportReporter -->
<testsuite hostname="DESKTOP-G9H7E6Q" failures="0" tests="1" name="api.Restassuredpost" time="5.116" errors="0" timestamp="2022-11-09T11:34:01 GMT-05:00" skipped="0">
  <testcase classname="api.Restassuredpost" name="Test_2" time="5.116"/>
  <system-out/>
</testsuite> <!-- api.Restassuredpost -->
