<?xml version="1.0" encoding="UTF-8"?>
<!-- Generated by org.testng.reporters.JUnitReportReporter -->
<testsuite hostname="DESKTOP-G9H7E6Q" failures="0" tests="1" name="runner.MyRunner" time="22.322" errors="0" timestamp="2022-10-31T11:15:33 GMT-04:00" skipped="0">
  <testcase classname="runner.MyRunner" name="runScenario" time="22.322"/>
  <system-out/>
</testsuite> <!-- runner.MyRunner -->
