<?xml version="1.0" encoding="UTF-8"?>
<!-- Generated by org.testng.reporters.JUnitReportReporter -->
<testsuite hostname="DESKTOP-G9H7E6Q" failures="0" tests="4" name="crossbrowser.CBtest" time="14.627" errors="0" timestamp="2022-11-01T06:58:42 GMT-04:00" skipped="0">
  <testcase classname="crossbrowser.CBtest" name="test2" time="2.189"/>
  <system-out/>
  <testcase classname="crossbrowser.CBtest" name="test1" time="6.102"/>
  <system-out/>
  <testcase classname="crossbrowser.CBtest" name="test2" time="4.419"/>
  <system-out/>
  <testcase classname="crossbrowser.CBtest" name="test1" time="1.917"/>
  <system-out/>
</testsuite> <!-- crossbrowser.CBtest -->
